<?xml version="1.0" encoding="UTF-8"?>
<!-- Generated by org.testng.reporters.JUnitXMLReporter -->
<testsuite ignored="12" hostname="LAPTOP-DS4ESSB9" failures="0" tests="7" name="Test1" time="0.568" errors="0" timestamp="2022-05-24T10:27:24 IST">
  <testcase classname="com.sdet34l1.genericUtility.BaseClass" name="@BeforeClass beforeclass1Test" time="-1.653368243944E9">
    <failure type="org.testng.TestNGException" message="
Parameter &amp;apos;browser&amp;apos; is required by BeforeClass on method beforeclass1Test but has not been marked @Optional or defined
in D:\workspace\SDET34L1\testngparallel.xml">
      <![CDATA[org.testng.TestNGException: 
Parameter 'browser' is required by BeforeClass on method beforeclass1Test but has not been marked @Optional or defined
in D:\workspace\SDET34L1\testngparallel.xml
at java.base/java.util.concurrent.ThreadPoolExecutor.runWorker(ThreadPoolExecutor.java:1130)
at java.base/java.util.concurrent.ThreadPoolExecutor$Worker.run(ThreadPoolExecutor.java:630)
at java.base/java.lang.Thread.run(Thread.java:831)
... Removed 7 stack frames]]>
    </failure>
  </testcase> <!-- @BeforeClass beforeclass1Test -->
  <testcase classname="com.sdet34l1.genericUtility.BaseClass" name="@BeforeClass beforeclass1Test" time="-1.653368243944E9">
    <failure type="org.testng.TestNGException" message="
Parameter &amp;apos;browser&amp;apos; is required by BeforeClass on method beforeclass1Test but has not been marked @Optional or defined
in D:\workspace\SDET34L1\testngparallel.xml">
      <![CDATA[org.testng.TestNGException: 
Parameter 'browser' is required by BeforeClass on method beforeclass1Test but has not been marked @Optional or defined
in D:\workspace\SDET34L1\testngparallel.xml
at java.base/java.util.concurrent.ThreadPoolExecutor.runWorker(ThreadPoolExecutor.java:1130)
at java.base/java.util.concurrent.ThreadPoolExecutor$Worker.run(ThreadPoolExecutor.java:630)
at java.base/java.lang.Thread.run(Thread.java:831)
... Removed 7 stack frames]]>
    </failure>
  </testcase> <!-- @BeforeClass beforeclass1Test -->
  <testcase classname="com.sdet34l1.genericUtility.BaseClass" name="@BeforeMethod beforemethod1Test" time="-1.653368243956E9">
    <skipped/>
  </testcase> <!-- @BeforeMethod beforemethod1Test -->
  <testcase classname="com.sdet34l1.genericUtility.BaseClass" name="@BeforeMethod beforemethod1Test" time="-1.653368243966E9">
    <skipped/>
  </testcase> <!-- @BeforeMethod beforemethod1Test -->
  <testcase classname="com.sdet34l1.genericUtility.BaseClass" name="@BeforeClass beforeclass1Test" time="-1.653368243945E9">
    <failure type="org.testng.TestNGException" message="
Parameter &amp;apos;browser&amp;apos; is required by BeforeClass on method beforeclass1Test but has not been marked @Optional or defined
in D:\workspace\SDET34L1\testngparallel.xml">
      <![CDATA[org.testng.TestNGException: 
Parameter 'browser' is required by BeforeClass on method beforeclass1Test but has not been marked @Optional or defined
in D:\workspace\SDET34L1\testngparallel.xml
at java.base/java.util.concurrent.ThreadPoolExecutor.runWorker(ThreadPoolExecutor.java:1130)
at java.base/java.util.concurrent.ThreadPoolExecutor$Worker.run(ThreadPoolExecutor.java:630)
at java.base/java.lang.Thread.run(Thread.java:831)
... Removed 7 stack frames]]>
    </failure>
  </testcase> <!-- @BeforeClass beforeclass1Test -->
  <testcase classname="com.sdet34l1.genericUtility.BaseClass" name="@BeforeMethod beforemethod1Test" time="-1.653368243977E9">
    <skipped/>
  </testcase> <!-- @BeforeMethod beforemethod1Test -->
  <testcase classname="com.sdet34l1.genericUtility.BaseClass" name="@AfterMethod aftermethod1Test" time="-1.65336824399E9">
    <skipped/>
  </testcase> <!-- @AfterMethod aftermethod1Test -->
  <testcase classname="com.sdet34l1.genericUtility.BaseClass" name="@AfterClass afterClass1test" time="-1.653368243995E9">
    <skipped/>
  </testcase> <!-- @AfterClass afterClass1test -->
  <testcase classname="com.sdet34l1.genericUtility.BaseClass" name="@AfterMethod aftermethod1Test" time="-1.653368244001E9">
    <skipped/>
  </testcase> <!-- @AfterMethod aftermethod1Test -->
  <testcase classname="com.sdet34l1.genericUtility.BaseClass" name="@AfterMethod aftermethod1Test" time="-1.653368243999E9">
    <skipped/>
  </testcase> <!-- @AfterMethod aftermethod1Test -->
  <testcase classname="com.sdet34l1.genericUtility.BaseClass" name="@BeforeClass beforeclass1Test" time="-1.653368244002E9">
    <failure type="org.testng.TestNGException" message="
Parameter &amp;apos;browser&amp;apos; is required by BeforeClass on method beforeclass1Test but has not been marked @Optional or defined
in D:\workspace\SDET34L1\testngparallel.xml">
      <![CDATA[org.testng.TestNGException: 
Parameter 'browser' is required by BeforeClass on method beforeclass1Test but has not been marked @Optional or defined
in D:\workspace\SDET34L1\testngparallel.xml
at java.base/java.util.concurrent.ThreadPoolExecutor.runWorker(ThreadPoolExecutor.java:1130)
at java.base/java.util.concurrent.ThreadPoolExecutor$Worker.run(ThreadPoolExecutor.java:630)
at java.base/java.lang.Thread.run(Thread.java:831)
... Removed 7 stack frames]]>
    </failure>
  </testcase> <!-- @BeforeClass beforeclass1Test -->
  <testcase classname="com.sdet34l1.genericUtility.BaseClass" name="@AfterClass afterClass1test" time="-1.65336824401E9">
    <skipped/>
  </testcase> <!-- @AfterClass afterClass1test -->
  <testcase classname="com.sdet34l1.genericUtility.BaseClass" name="@AfterClass afterClass1test" time="-1.653368244006E9">
    <skipped/>
  </testcase> <!-- @AfterClass afterClass1test -->
  <testcase classname="com.sdet34l1.genericUtility.BaseClass" name="@BeforeMethod beforemethod1Test" time="-1.653368244015E9">
    <skipped/>
  </testcase> <!-- @BeforeMethod beforemethod1Test -->
  <testcase classname="com.sdet34l1.genericUtility.BaseClass" name="@BeforeClass beforeclass1Test" time="-1.653368244016E9">
    <failure type="org.testng.TestNGException" message="
Parameter &amp;apos;browser&amp;apos; is required by BeforeClass on method beforeclass1Test but has not been marked @Optional or defined
in D:\workspace\SDET34L1\testngparallel.xml">
      <![CDATA[org.testng.TestNGException: 
Parameter 'browser' is required by BeforeClass on method beforeclass1Test but has not been marked @Optional or defined
in D:\workspace\SDET34L1\testngparallel.xml
at java.base/java.util.concurrent.ThreadPoolExecutor.runWorker(ThreadPoolExecutor.java:1130)
at java.base/java.util.concurrent.ThreadPoolExecutor$Worker.run(ThreadPoolExecutor.java:630)
at java.base/java.lang.Thread.run(Thread.java:831)
... Removed 7 stack frames]]>
    </failure>
  </testcase> <!-- @BeforeClass beforeclass1Test -->
  <testcase classname="com.sdet34l1.genericUtility.BaseClass" name="@BeforeClass beforeclass1Test" time="-1.653368244018E9">
    <failure type="org.testng.TestNGException" message="
Parameter &amp;apos;browser&amp;apos; is required by BeforeClass on method beforeclass1Test but has not been marked @Optional or defined
in D:\workspace\SDET34L1\testngparallel.xml">
      <![CDATA[org.testng.TestNGException: 
Parameter 'browser' is required by BeforeClass on method beforeclass1Test but has not been marked @Optional or defined
in D:\workspace\SDET34L1\testngparallel.xml
at java.base/java.util.concurrent.ThreadPoolExecutor.runWorker(ThreadPoolExecutor.java:1130)
at java.base/java.util.concurrent.ThreadPoolExecutor$Worker.run(ThreadPoolExecutor.java:630)
at java.base/java.lang.Thread.run(Thread.java:831)
... Removed 7 stack frames]]>
    </failure>
  </testcase> <!-- @BeforeClass beforeclass1Test -->
  <testcase classname="com.sdet34l1.genericUtility.BaseClass" name="@BeforeMethod beforemethod1Test" time="-1.653368244088E9">
    <skipped/>
  </testcase> <!-- @BeforeMethod beforemethod1Test -->
  <testcase classname="com.sdet34l1.genericUtility.BaseClass" name="@AfterMethod aftermethod1Test" time="-1.653368244047E9">
    <skipped/>
  </testcase> <!-- @AfterMethod aftermethod1Test -->
  <testcase classname="com.sdet34l1.genericUtility.BaseClass" name="@BeforeMethod beforemethod1Test" time="-1.653368244047E9">
    <skipped/>
  </testcase> <!-- @BeforeMethod beforemethod1Test -->
  <testcase classname="com.sdet34l1.genericUtility.BaseClass" name="@AfterMethod aftermethod1Test" time="-1.653368244152E9">
    <skipped/>
  </testcase> <!-- @AfterMethod aftermethod1Test -->
  <testcase classname="com.sdet34l1.genericUtility.BaseClass" name="@AfterClass afterClass1test" time="-1.653368244169E9">
    <skipped/>
  </testcase> <!-- @AfterClass afterClass1test -->
  <testcase classname="com.sdet34l1.genericUtility.BaseClass" name="@AfterClass afterClass1test" time="-1.653368244157E9">
    <skipped/>
  </testcase> <!-- @AfterClass afterClass1test -->
  <testcase classname="com.sdet34l1.genericUtility.BaseClass" name="@BeforeClass beforeclass1Test" time="-1.653368244174E9">
    <failure type="org.testng.TestNGException" message="
Parameter &amp;apos;browser&amp;apos; is required by BeforeClass on method beforeclass1Test but has not been marked @Optional or defined
in D:\workspace\SDET34L1\testngparallel.xml">
      <![CDATA[org.testng.TestNGException: 
Parameter 'browser' is required by BeforeClass on method beforeclass1Test but has not been marked @Optional or defined
in D:\workspace\SDET34L1\testngparallel.xml
at java.base/java.util.concurrent.ThreadPoolExecutor.runWorker(ThreadPoolExecutor.java:1130)
at java.base/java.util.concurrent.ThreadPoolExecutor$Worker.run(ThreadPoolExecutor.java:630)
at java.base/java.lang.Thread.run(Thread.java:831)
... Removed 7 stack frames]]>
    </failure>
  </testcase> <!-- @BeforeClass beforeclass1Test -->
  <testcase classname="com.sdet34l1.genericUtility.BaseClass" name="@BeforeMethod beforemethod1Test" time="-1.653368244455E9">
    <skipped/>
  </testcase> <!-- @BeforeMethod beforemethod1Test -->
  <testcase classname="com.sdet34l1.genericUtility.BaseClass" name="@AfterMethod aftermethod1Test" time="-1.653368244469E9">
    <skipped/>
  </testcase> <!-- @AfterMethod aftermethod1Test -->
  <testcase classname="com.sdet34l1.genericUtility.BaseClass" name="@AfterMethod aftermethod1Test" time="-1.653368244484E9">
    <skipped/>
  </testcase> <!-- @AfterMethod aftermethod1Test -->
  <testcase classname="com.sdet34l1.genericUtility.BaseClass" name="@AfterClass afterClass1test" time="-1.653368244499E9">
    <skipped/>
  </testcase> <!-- @AfterClass afterClass1test -->
  <testcase classname="com.sdet34l1.genericUtility.BaseClass" name="@AfterClass afterClass1test" time="-1.653368244475E9">
    <skipped/>
  </testcase> <!-- @AfterClass afterClass1test -->
  <testcase classname="com.vtiger.organiztiontTest.CreateOrganizationByPassValueAsIndustry" name="createorganizationbypassvalueasindustry" time="0.0">
    <skipped/>
  </testcase> <!-- createorganizationbypassvalueasindustry -->
  <testcase classname="com.vitger.productsTest.CreateProductTest" name="createproductfromexceltest" time="0.0">
    <skipped/>
  </testcase> <!-- createproductfromexceltest -->
  <testcase classname="com.vtiger.compaigsTest.CreateNewCampaigsTest" name="createnewcampaigstest" time="0.0">
    <skipped/>
  </testcase> <!-- createnewcampaigstest -->
  <testcase classname="com.vtiger.organiztiontTest.CreateOrganiztionTest" name="createorganiztiontest" time="0.0">
    <skipped/>
  </testcase> <!-- createorganiztiontest -->
  <testcase classname="com.vtiger.compaigsTest.CreateCompaigsByCreateProductTest" name="createcompaigsbycreateproducttest" time="0.0">
    <skipped/>
  </testcase> <!-- createcompaigsbycreateproducttest -->
  <testcase classname="com.vtiger.contantsTest.CreateContactsWithOrganizationsTest" name="createcontactswithorganizationstest" time="0.0">
    <skipped/>
  </testcase> <!-- createcontactswithorganizationstest -->
  <testcase classname="com.vtiger.documentsTest.CreateDocumentTest" name="createdocumenttest" time="0.0">
    <skipped/>
  </testcase> <!-- createdocumenttest -->
  <testcase classname="com.sdet34l1.genericUtility.BaseClass" name="@BeforeSuite beforesuite1Test" time="0.0">
    <ignored/>
  </testcase> <!-- @BeforeSuite beforesuite1Test -->
  <testcase classname="com.sdet34l1.genericUtility.BaseClass" name="@BeforeSuite beforesuite1Test" time="0.0">
    <ignored/>
  </testcase> <!-- @BeforeSuite beforesuite1Test -->
  <testcase classname="com.sdet34l1.genericUtility.BaseClass" name="@BeforeSuite beforesuite1Test" time="0.0">
    <ignored/>
  </testcase> <!-- @BeforeSuite beforesuite1Test -->
  <testcase classname="com.sdet34l1.genericUtility.BaseClass" name="@BeforeSuite beforesuite1Test" time="0.0">
    <ignored/>
  </testcase> <!-- @BeforeSuite beforesuite1Test -->
  <testcase classname="com.sdet34l1.genericUtility.BaseClass" name="@BeforeSuite beforesuite1Test" time="0.0">
    <ignored/>
  </testcase> <!-- @BeforeSuite beforesuite1Test -->
  <testcase classname="com.sdet34l1.genericUtility.BaseClass" name="@BeforeSuite beforesuite1Test" time="0.0">
    <ignored/>
  </testcase> <!-- @BeforeSuite beforesuite1Test -->
  <testcase classname="com.sdet34l1.genericUtility.BaseClass" name="@AfterSuite aftersuite1test" time="0.0">
    <ignored/>
  </testcase> <!-- @AfterSuite aftersuite1test -->
  <testcase classname="com.sdet34l1.genericUtility.BaseClass" name="@AfterSuite aftersuite1test" time="0.0">
    <ignored/>
  </testcase> <!-- @AfterSuite aftersuite1test -->
  <testcase classname="com.sdet34l1.genericUtility.BaseClass" name="@AfterSuite aftersuite1test" time="0.0">
    <ignored/>
  </testcase> <!-- @AfterSuite aftersuite1test -->
  <testcase classname="com.sdet34l1.genericUtility.BaseClass" name="@AfterSuite aftersuite1test" time="0.0">
    <ignored/>
  </testcase> <!-- @AfterSuite aftersuite1test -->
  <testcase classname="com.sdet34l1.genericUtility.BaseClass" name="@AfterSuite aftersuite1test" time="0.0">
    <ignored/>
  </testcase> <!-- @AfterSuite aftersuite1test -->
  <testcase classname="com.sdet34l1.genericUtility.BaseClass" name="@AfterSuite aftersuite1test" time="0.0">
    <ignored/>
  </testcase> <!-- @AfterSuite aftersuite1test -->
</testsuite> <!-- Test1 -->
