<html>
<head>
<title>TestNG:  Test1</title>
<link href="../testng.css" rel="stylesheet" type="text/css" />
<link href="../my-testng.css" rel="stylesheet" type="text/css" />

<style type="text/css">
.log { display: none;} 
.stack-trace { display: none;} 
</style>
<script type="text/javascript">
<!--
function flip(e) {
  current = e.style.display;
  if (current == 'block') {
    e.style.display = 'none';
    return 0;
  }
  else {
    e.style.display = 'block';
    return 1;
  }
}

function toggleBox(szDivId, elem, msg1, msg2)
{
  var res = -1;  if (document.getElementById) {
    res = flip(document.getElementById(szDivId));
  }
  else if (document.all) {
    // this is the way old msie versions work
    res = flip(document.all[szDivId]);
  }
  if(elem) {
    if(res == 0) elem.innerHTML = msg1; else elem.innerHTML = msg2;
  }

}

function toggleAllBoxes() {
  if (document.getElementsByTagName) {
    d = document.getElementsByTagName('div');
    for (i = 0; i < d.length; i++) {
      if (d[i].className == 'log') {
        flip(d[i]);
      }
    }
  }
}

// -->
</script>

</head>
<body>
<h2 align='center'>Test1</h2><table border='1' align="center">
<tr>
<td>Tests passed/Failed/Skipped:</td><td>0/0/7</td>
</tr><tr>
<td>Started on:</td><td>Tue May 24 10:27:23 IST 2022</td>
</tr>
<tr><td>Total time:</td><td>0 seconds (568 ms)</td>
</tr><tr>
<td>Included groups:</td><td></td>
</tr><tr>
<td>Excluded groups:</td><td></td>
</tr>
</table><p/>
<small><i>(Hover the method name to see the test class name)</i></small><p/>
<table width='100%' border='1' class='invocation-failed'>
<tr><td colspan='4' align='center'><b>FAILED CONFIGURATIONS</b></td></tr>
<tr><td><b>Test method</b></td>
<td width="30%"><b>Exception</b></td>
<td width="10%"><b>Time (seconds)</b></td>
<td><b>Instance</b></td>
</tr>
<tr>
<td title='com.vtiger.organiztiontTest.CreateOrganizationByPassValueAsIndustry.beforeclass1Test()'><b>beforeclass1Test</b><br>Test class: com.vtiger.organiztiontTest.CreateOrganizationByPassValueAsIndustry</td>
<td><div><pre>org.testng.TestNGException: 
Parameter &apos;browser&apos; is required by BeforeClass on method beforeclass1Test but has not been marked @Optional or defined
in D:\workspace\SDET34L1\testngparallel.xml
	at java.base/java.util.concurrent.ThreadPoolExecutor.runWorker(ThreadPoolExecutor.java:1130)
	at java.base/java.util.concurrent.ThreadPoolExecutor$Worker.run(ThreadPoolExecutor.java:630)
	at java.base/java.lang.Thread.run(Thread.java:831)
... Removed 7 stack frames</pre></div><a href='#' onClick='toggleBox("stack-trace464347133", this, "Click to show all stack frames", "Click to hide stack frames")'>Click to show all stack frames</a>
<div class='stack-trace' id='stack-trace464347133'><pre>org.testng.TestNGException: 
Parameter &apos;browser&apos; is required by BeforeClass on method beforeclass1Test but has not been marked @Optional or defined
in D:\workspace\SDET34L1\testngparallel.xml
	at org.testng.internal.Parameters.createParams(Parameters.java:270)
	at org.testng.internal.Parameters.createParametersForMethod(Parameters.java:358)
	at org.testng.internal.Parameters.createParameters(Parameters.java:700)
	at org.testng.internal.Parameters.createConfigurationParameters(Parameters.java:168)
	at org.testng.internal.ConfigInvoker.invokeConfigurations(ConfigInvoker.java:302)
	at org.testng.internal.TestMethodWorker.invokeBeforeClassMethods(TestMethodWorker.java:176)
	at org.testng.internal.TestMethodWorker.run(TestMethodWorker.java:122)
	at java.base/java.util.concurrent.ThreadPoolExecutor.runWorker(ThreadPoolExecutor.java:1130)
	at java.base/java.util.concurrent.ThreadPoolExecutor$Worker.run(ThreadPoolExecutor.java:630)
	at java.base/java.lang.Thread.run(Thread.java:831)
</pre></div></td>
<td>-1653368243</td>
<td>com.vtiger.organiztiontTest.CreateOrganizationByPassValueAsIndustry@3c6aa04a</td></tr>
<tr>
<td title='com.vtiger.compaigsTest.CreateNewCampaigsTest.beforeclass1Test()'><b>beforeclass1Test</b><br>Test class: com.vtiger.compaigsTest.CreateNewCampaigsTest</td>
<td><div><pre>org.testng.TestNGException: 
Parameter &apos;browser&apos; is required by BeforeClass on method beforeclass1Test but has not been marked @Optional or defined
in D:\workspace\SDET34L1\testngparallel.xml
	at java.base/java.util.concurrent.ThreadPoolExecutor.runWorker(ThreadPoolExecutor.java:1130)
	at java.base/java.util.concurrent.ThreadPoolExecutor$Worker.run(ThreadPoolExecutor.java:630)
	at java.base/java.lang.Thread.run(Thread.java:831)
... Removed 7 stack frames</pre></div><a href='#' onClick='toggleBox("stack-trace510008420", this, "Click to show all stack frames", "Click to hide stack frames")'>Click to show all stack frames</a>
<div class='stack-trace' id='stack-trace510008420'><pre>org.testng.TestNGException: 
Parameter &apos;browser&apos; is required by BeforeClass on method beforeclass1Test but has not been marked @Optional or defined
in D:\workspace\SDET34L1\testngparallel.xml
	at org.testng.internal.Parameters.createParams(Parameters.java:270)
	at org.testng.internal.Parameters.createParametersForMethod(Parameters.java:358)
	at org.testng.internal.Parameters.createParameters(Parameters.java:700)
	at org.testng.internal.Parameters.createConfigurationParameters(Parameters.java:168)
	at org.testng.internal.ConfigInvoker.invokeConfigurations(ConfigInvoker.java:302)
	at org.testng.internal.TestMethodWorker.invokeBeforeClassMethods(TestMethodWorker.java:176)
	at org.testng.internal.TestMethodWorker.run(TestMethodWorker.java:122)
	at java.base/java.util.concurrent.ThreadPoolExecutor.runWorker(ThreadPoolExecutor.java:1130)
	at java.base/java.util.concurrent.ThreadPoolExecutor$Worker.run(ThreadPoolExecutor.java:630)
	at java.base/java.lang.Thread.run(Thread.java:831)
</pre></div></td>
<td>-1653368243</td>
<td>com.vtiger.compaigsTest.CreateNewCampaigsTest@2257fadf</td></tr>
<tr>
<td title='com.vtiger.documentsTest.CreateDocumentTest.beforeclass1Test()'><b>beforeclass1Test</b><br>Test class: com.vtiger.documentsTest.CreateDocumentTest</td>
<td><div><pre>org.testng.TestNGException: 
Parameter &apos;browser&apos; is required by BeforeClass on method beforeclass1Test but has not been marked @Optional or defined
in D:\workspace\SDET34L1\testngparallel.xml
	at java.base/java.util.concurrent.ThreadPoolExecutor.runWorker(ThreadPoolExecutor.java:1130)
	at java.base/java.util.concurrent.ThreadPoolExecutor$Worker.run(ThreadPoolExecutor.java:630)
	at java.base/java.lang.Thread.run(Thread.java:831)
... Removed 7 stack frames</pre></div><a href='#' onClick='toggleBox("stack-trace1424645433", this, "Click to show all stack frames", "Click to hide stack frames")'>Click to show all stack frames</a>
<div class='stack-trace' id='stack-trace1424645433'><pre>org.testng.TestNGException: 
Parameter &apos;browser&apos; is required by BeforeClass on method beforeclass1Test but has not been marked @Optional or defined
in D:\workspace\SDET34L1\testngparallel.xml
	at org.testng.internal.Parameters.createParams(Parameters.java:270)
	at org.testng.internal.Parameters.createParametersForMethod(Parameters.java:358)
	at org.testng.internal.Parameters.createParameters(Parameters.java:700)
	at org.testng.internal.Parameters.createConfigurationParameters(Parameters.java:168)
	at org.testng.internal.ConfigInvoker.invokeConfigurations(ConfigInvoker.java:302)
	at org.testng.internal.TestMethodWorker.invokeBeforeClassMethods(TestMethodWorker.java:176)
	at org.testng.internal.TestMethodWorker.run(TestMethodWorker.java:122)
	at java.base/java.util.concurrent.ThreadPoolExecutor.runWorker(ThreadPoolExecutor.java:1130)
	at java.base/java.util.concurrent.ThreadPoolExecutor$Worker.run(ThreadPoolExecutor.java:630)
	at java.base/java.lang.Thread.run(Thread.java:831)
</pre></div></td>
<td>-1653368244</td>
<td>com.vtiger.documentsTest.CreateDocumentTest@11a00961</td></tr>
<tr>
<td title='com.vtiger.compaigsTest.CreateCompaigsByCreateProductTest.beforeclass1Test()'><b>beforeclass1Test</b><br>Test class: com.vtiger.compaigsTest.CreateCompaigsByCreateProductTest</td>
<td><div><pre>org.testng.TestNGException: 
Parameter &apos;browser&apos; is required by BeforeClass on method beforeclass1Test but has not been marked @Optional or defined
in D:\workspace\SDET34L1\testngparallel.xml
	at java.base/java.util.concurrent.ThreadPoolExecutor.runWorker(ThreadPoolExecutor.java:1130)
	at java.base/java.util.concurrent.ThreadPoolExecutor$Worker.run(ThreadPoolExecutor.java:630)
	at java.base/java.lang.Thread.run(Thread.java:831)
... Removed 7 stack frames</pre></div><a href='#' onClick='toggleBox("stack-trace1064626448", this, "Click to show all stack frames", "Click to hide stack frames")'>Click to show all stack frames</a>
<div class='stack-trace' id='stack-trace1064626448'><pre>org.testng.TestNGException: 
Parameter &apos;browser&apos; is required by BeforeClass on method beforeclass1Test but has not been marked @Optional or defined
in D:\workspace\SDET34L1\testngparallel.xml
	at org.testng.internal.Parameters.createParams(Parameters.java:270)
	at org.testng.internal.Parameters.createParametersForMethod(Parameters.java:358)
	at org.testng.internal.Parameters.createParameters(Parameters.java:700)
	at org.testng.internal.Parameters.createConfigurationParameters(Parameters.java:168)
	at org.testng.internal.ConfigInvoker.invokeConfigurations(ConfigInvoker.java:302)
	at org.testng.internal.TestMethodWorker.invokeBeforeClassMethods(TestMethodWorker.java:176)
	at org.testng.internal.TestMethodWorker.run(TestMethodWorker.java:122)
	at java.base/java.util.concurrent.ThreadPoolExecutor.runWorker(ThreadPoolExecutor.java:1130)
	at java.base/java.util.concurrent.ThreadPoolExecutor$Worker.run(ThreadPoolExecutor.java:630)
	at java.base/java.lang.Thread.run(Thread.java:831)
</pre></div></td>
<td>-1653368244</td>
<td>com.vtiger.compaigsTest.CreateCompaigsByCreateProductTest@49cf9028</td></tr>
<tr>
<td title='com.vtiger.contantsTest.CreateContactsWithOrganizationsTest.beforeclass1Test()'><b>beforeclass1Test</b><br>Test class: com.vtiger.contantsTest.CreateContactsWithOrganizationsTest</td>
<td><div><pre>org.testng.TestNGException: 
Parameter &apos;browser&apos; is required by BeforeClass on method beforeclass1Test but has not been marked @Optional or defined
in D:\workspace\SDET34L1\testngparallel.xml
	at java.base/java.util.concurrent.ThreadPoolExecutor.runWorker(ThreadPoolExecutor.java:1130)
	at java.base/java.util.concurrent.ThreadPoolExecutor$Worker.run(ThreadPoolExecutor.java:630)
	at java.base/java.lang.Thread.run(Thread.java:831)
... Removed 7 stack frames</pre></div><a href='#' onClick='toggleBox("stack-trace985639561", this, "Click to show all stack frames", "Click to hide stack frames")'>Click to show all stack frames</a>
<div class='stack-trace' id='stack-trace985639561'><pre>org.testng.TestNGException: 
Parameter &apos;browser&apos; is required by BeforeClass on method beforeclass1Test but has not been marked @Optional or defined
in D:\workspace\SDET34L1\testngparallel.xml
	at org.testng.internal.Parameters.createParams(Parameters.java:270)
	at org.testng.internal.Parameters.createParametersForMethod(Parameters.java:358)
	at org.testng.internal.Parameters.createParameters(Parameters.java:700)
	at org.testng.internal.Parameters.createConfigurationParameters(Parameters.java:168)
	at org.testng.internal.ConfigInvoker.invokeConfigurations(ConfigInvoker.java:302)
	at org.testng.internal.TestMethodWorker.invokeBeforeClassMethods(TestMethodWorker.java:176)
	at org.testng.internal.TestMethodWorker.run(TestMethodWorker.java:122)
	at java.base/java.util.concurrent.ThreadPoolExecutor.runWorker(ThreadPoolExecutor.java:1130)
	at java.base/java.util.concurrent.ThreadPoolExecutor$Worker.run(ThreadPoolExecutor.java:630)
	at java.base/java.lang.Thread.run(Thread.java:831)
</pre></div></td>
<td>-1653368244</td>
<td>com.vtiger.contantsTest.CreateContactsWithOrganizationsTest@2b61a019</td></tr>
<tr>
<td title='com.vtiger.organiztiontTest.CreateOrganiztionTest.beforeclass1Test()'><b>beforeclass1Test</b><br>Test class: com.vtiger.organiztiontTest.CreateOrganiztionTest</td>
<td><div><pre>org.testng.TestNGException: 
Parameter &apos;browser&apos; is required by BeforeClass on method beforeclass1Test but has not been marked @Optional or defined
in D:\workspace\SDET34L1\testngparallel.xml
	at java.base/java.util.concurrent.ThreadPoolExecutor.runWorker(ThreadPoolExecutor.java:1130)
	at java.base/java.util.concurrent.ThreadPoolExecutor$Worker.run(ThreadPoolExecutor.java:630)
	at java.base/java.lang.Thread.run(Thread.java:831)
... Removed 7 stack frames</pre></div><a href='#' onClick='toggleBox("stack-trace1694634649", this, "Click to show all stack frames", "Click to hide stack frames")'>Click to show all stack frames</a>
<div class='stack-trace' id='stack-trace1694634649'><pre>org.testng.TestNGException: 
Parameter &apos;browser&apos; is required by BeforeClass on method beforeclass1Test but has not been marked @Optional or defined
in D:\workspace\SDET34L1\testngparallel.xml
	at org.testng.internal.Parameters.createParams(Parameters.java:270)
	at org.testng.internal.Parameters.createParametersForMethod(Parameters.java:358)
	at org.testng.internal.Parameters.createParameters(Parameters.java:700)
	at org.testng.internal.Parameters.createConfigurationParameters(Parameters.java:168)
	at org.testng.internal.ConfigInvoker.invokeConfigurations(ConfigInvoker.java:302)
	at org.testng.internal.TestMethodWorker.invokeBeforeClassMethods(TestMethodWorker.java:176)
	at org.testng.internal.TestMethodWorker.run(TestMethodWorker.java:122)
	at java.base/java.util.concurrent.ThreadPoolExecutor.runWorker(ThreadPoolExecutor.java:1130)
	at java.base/java.util.concurrent.ThreadPoolExecutor$Worker.run(ThreadPoolExecutor.java:630)
	at java.base/java.lang.Thread.run(Thread.java:831)
</pre></div></td>
<td>-1653368244</td>
<td>com.vtiger.organiztiontTest.CreateOrganiztionTest@7144655b</td></tr>
<tr>
<td title='com.vitger.productsTest.CreateProductTest.beforeclass1Test()'><b>beforeclass1Test</b><br>Test class: com.vitger.productsTest.CreateProductTest</td>
<td><div><pre>org.testng.TestNGException: 
Parameter &apos;browser&apos; is required by BeforeClass on method beforeclass1Test but has not been marked @Optional or defined
in D:\workspace\SDET34L1\testngparallel.xml
	at java.base/java.util.concurrent.ThreadPoolExecutor.runWorker(ThreadPoolExecutor.java:1130)
	at java.base/java.util.concurrent.ThreadPoolExecutor$Worker.run(ThreadPoolExecutor.java:630)
	at java.base/java.lang.Thread.run(Thread.java:831)
... Removed 7 stack frames</pre></div><a href='#' onClick='toggleBox("stack-trace1141958637", this, "Click to show all stack frames", "Click to hide stack frames")'>Click to show all stack frames</a>
<div class='stack-trace' id='stack-trace1141958637'><pre>org.testng.TestNGException: 
Parameter &apos;browser&apos; is required by BeforeClass on method beforeclass1Test but has not been marked @Optional or defined
in D:\workspace\SDET34L1\testngparallel.xml
	at org.testng.internal.Parameters.createParams(Parameters.java:270)
	at org.testng.internal.Parameters.createParametersForMethod(Parameters.java:358)
	at org.testng.internal.Parameters.createParameters(Parameters.java:700)
	at org.testng.internal.Parameters.createConfigurationParameters(Parameters.java:168)
	at org.testng.internal.ConfigInvoker.invokeConfigurations(ConfigInvoker.java:302)
	at org.testng.internal.TestMethodWorker.invokeBeforeClassMethods(TestMethodWorker.java:176)
	at org.testng.internal.TestMethodWorker.run(TestMethodWorker.java:122)
	at java.base/java.util.concurrent.ThreadPoolExecutor.runWorker(ThreadPoolExecutor.java:1130)
	at java.base/java.util.concurrent.ThreadPoolExecutor$Worker.run(ThreadPoolExecutor.java:630)
	at java.base/java.lang.Thread.run(Thread.java:831)
</pre></div></td>
<td>-1653368243</td>
<td>com.vitger.productsTest.CreateProductTest@bc4d5e1</td></tr>
</table><p>
<table width='100%' border='1' class='invocation-skipped'>
<tr><td colspan='4' align='center'><b>SKIPPED CONFIGURATIONS</b></td></tr>
<tr><td><b>Test method</b></td>
<td width="30%"><b>Exception</b></td>
<td width="10%"><b>Time (seconds)</b></td>
<td><b>Instance</b></td>
</tr>
<tr>
<td title='com.vtiger.organiztiontTest.CreateOrganiztionTest.afterClass1test()'><b>afterClass1test</b><br>Test class: com.vtiger.organiztiontTest.CreateOrganiztionTest</td>
<td></td>
<td>-1653368244</td>
<td>com.vtiger.organiztiontTest.CreateOrganiztionTest@7144655b</td></tr>
<tr>
<td title='com.vtiger.compaigsTest.CreateNewCampaigsTest.beforemethod1Test()'><b>beforemethod1Test</b><br>Test class: com.vtiger.compaigsTest.CreateNewCampaigsTest</td>
<td></td>
<td>-1653368243</td>
<td>com.vtiger.compaigsTest.CreateNewCampaigsTest@2257fadf</td></tr>
<tr>
<td title='com.vtiger.organiztiontTest.CreateOrganiztionTest.aftermethod1Test()'><b>aftermethod1Test</b><br>Test class: com.vtiger.organiztiontTest.CreateOrganiztionTest</td>
<td></td>
<td>-1653368244</td>
<td>com.vtiger.organiztiontTest.CreateOrganiztionTest@7144655b</td></tr>
<tr>
<td title='com.vtiger.compaigsTest.CreateCompaigsByCreateProductTest.beforemethod1Test()'><b>beforemethod1Test</b><br>Test class: com.vtiger.compaigsTest.CreateCompaigsByCreateProductTest</td>
<td></td>
<td>-1653368244</td>
<td>com.vtiger.compaigsTest.CreateCompaigsByCreateProductTest@49cf9028</td></tr>
<tr>
<td title='com.vtiger.compaigsTest.CreateCompaigsByCreateProductTest.afterClass1test()'><b>afterClass1test</b><br>Test class: com.vtiger.compaigsTest.CreateCompaigsByCreateProductTest</td>
<td></td>
<td>-1653368244</td>
<td>com.vtiger.compaigsTest.CreateCompaigsByCreateProductTest@49cf9028</td></tr>
<tr>
<td title='com.vtiger.organiztiontTest.CreateOrganizationByPassValueAsIndustry.afterClass1test()'><b>afterClass1test</b><br>Test class: com.vtiger.organiztiontTest.CreateOrganizationByPassValueAsIndustry</td>
<td></td>
<td>-1653368244</td>
<td>com.vtiger.organiztiontTest.CreateOrganizationByPassValueAsIndustry@3c6aa04a</td></tr>
<tr>
<td title='com.vtiger.compaigsTest.CreateNewCampaigsTest.afterClass1test()'><b>afterClass1test</b><br>Test class: com.vtiger.compaigsTest.CreateNewCampaigsTest</td>
<td></td>
<td>-1653368244</td>
<td>com.vtiger.compaigsTest.CreateNewCampaigsTest@2257fadf</td></tr>
<tr>
<td title='com.vtiger.organiztiontTest.CreateOrganizationByPassValueAsIndustry.aftermethod1Test()'><b>aftermethod1Test</b><br>Test class: com.vtiger.organiztiontTest.CreateOrganizationByPassValueAsIndustry</td>
<td></td>
<td>-1653368244</td>
<td>com.vtiger.organiztiontTest.CreateOrganizationByPassValueAsIndustry@3c6aa04a</td></tr>
<tr>
<td title='com.vitger.productsTest.CreateProductTest.afterClass1test()'><b>afterClass1test</b><br>Test class: com.vitger.productsTest.CreateProductTest</td>
<td></td>
<td>-1653368243</td>
<td>com.vitger.productsTest.CreateProductTest@bc4d5e1</td></tr>
<tr>
<td title='com.vitger.productsTest.CreateProductTest.aftermethod1Test()'><b>aftermethod1Test</b><br>Test class: com.vitger.productsTest.CreateProductTest</td>
<td></td>
<td>-1653368243</td>
<td>com.vitger.productsTest.CreateProductTest@bc4d5e1</td></tr>
<tr>
<td title='com.vtiger.documentsTest.CreateDocumentTest.afterClass1test()'><b>afterClass1test</b><br>Test class: com.vtiger.documentsTest.CreateDocumentTest</td>
<td></td>
<td>-1653368244</td>
<td>com.vtiger.documentsTest.CreateDocumentTest@11a00961</td></tr>
<tr>
<td title='com.vtiger.contantsTest.CreateContactsWithOrganizationsTest.aftermethod1Test()'><b>aftermethod1Test</b><br>Test class: com.vtiger.contantsTest.CreateContactsWithOrganizationsTest</td>
<td></td>
<td>-1653368244</td>
<td>com.vtiger.contantsTest.CreateContactsWithOrganizationsTest@2b61a019</td></tr>
<tr>
<td title='com.vtiger.documentsTest.CreateDocumentTest.aftermethod1Test()'><b>aftermethod1Test</b><br>Test class: com.vtiger.documentsTest.CreateDocumentTest</td>
<td></td>
<td>-1653368244</td>
<td>com.vtiger.documentsTest.CreateDocumentTest@11a00961</td></tr>
<tr>
<td title='com.vtiger.contantsTest.CreateContactsWithOrganizationsTest.beforemethod1Test()'><b>beforemethod1Test</b><br>Test class: com.vtiger.contantsTest.CreateContactsWithOrganizationsTest</td>
<td></td>
<td>-1653368244</td>
<td>com.vtiger.contantsTest.CreateContactsWithOrganizationsTest@2b61a019</td></tr>
<tr>
<td title='com.vtiger.organiztiontTest.CreateOrganizationByPassValueAsIndustry.beforemethod1Test()'><b>beforemethod1Test</b><br>Test class: com.vtiger.organiztiontTest.CreateOrganizationByPassValueAsIndustry</td>
<td></td>
<td>-1653368243</td>
<td>com.vtiger.organiztiontTest.CreateOrganizationByPassValueAsIndustry@3c6aa04a</td></tr>
<tr>
<td title='com.vtiger.organiztiontTest.CreateOrganiztionTest.beforemethod1Test()'><b>beforemethod1Test</b><br>Test class: com.vtiger.organiztiontTest.CreateOrganiztionTest</td>
<td></td>
<td>-1653368244</td>
<td>com.vtiger.organiztiontTest.CreateOrganiztionTest@7144655b</td></tr>
<tr>
<td title='com.vtiger.documentsTest.CreateDocumentTest.beforemethod1Test()'><b>beforemethod1Test</b><br>Test class: com.vtiger.documentsTest.CreateDocumentTest</td>
<td></td>
<td>-1653368244</td>
<td>com.vtiger.documentsTest.CreateDocumentTest@11a00961</td></tr>
<tr>
<td title='com.vitger.productsTest.CreateProductTest.beforemethod1Test()'><b>beforemethod1Test</b><br>Test class: com.vitger.productsTest.CreateProductTest</td>
<td></td>
<td>-1653368243</td>
<td>com.vitger.productsTest.CreateProductTest@bc4d5e1</td></tr>
<tr>
<td title='com.vtiger.compaigsTest.CreateNewCampaigsTest.aftermethod1Test()'><b>aftermethod1Test</b><br>Test class: com.vtiger.compaigsTest.CreateNewCampaigsTest</td>
<td></td>
<td>-1653368243</td>
<td>com.vtiger.compaigsTest.CreateNewCampaigsTest@2257fadf</td></tr>
<tr>
<td title='com.vtiger.compaigsTest.CreateCompaigsByCreateProductTest.aftermethod1Test()'><b>aftermethod1Test</b><br>Test class: com.vtiger.compaigsTest.CreateCompaigsByCreateProductTest</td>
<td></td>
<td>-1653368244</td>
<td>com.vtiger.compaigsTest.CreateCompaigsByCreateProductTest@49cf9028</td></tr>
<tr>
<td title='com.vtiger.contantsTest.CreateContactsWithOrganizationsTest.afterClass1test()'><b>afterClass1test</b><br>Test class: com.vtiger.contantsTest.CreateContactsWithOrganizationsTest</td>
<td></td>
<td>-1653368244</td>
<td>com.vtiger.contantsTest.CreateContactsWithOrganizationsTest@2b61a019</td></tr>
</table><p>
<table width='100%' border='1' class='invocation-skipped'>
<tr><td colspan='4' align='center'><b>SKIPPED TESTS</b></td></tr>
<tr><td><b>Test method</b></td>
<td width="30%"><b>Exception</b></td>
<td width="10%"><b>Time (seconds)</b></td>
<td><b>Instance</b></td>
</tr>
<tr>
<td title='com.vtiger.compaigsTest.CreateNewCampaigsTest.createnewcampaigstest()'><b>createnewcampaigstest</b><br>Test class: com.vtiger.compaigsTest.CreateNewCampaigsTest</td>
<td><div><pre>org.testng.TestNGException: 
Parameter &apos;browser&apos; is required by BeforeClass on method beforeclass1Test but has not been marked @Optional or defined
in D:\workspace\SDET34L1\testngparallel.xml
	at java.base/java.util.concurrent.ThreadPoolExecutor.runWorker(ThreadPoolExecutor.java:1130)
	at java.base/java.util.concurrent.ThreadPoolExecutor$Worker.run(ThreadPoolExecutor.java:630)
	at java.base/java.lang.Thread.run(Thread.java:831)
... Removed 7 stack frames</pre></div><a href='#' onClick='toggleBox("stack-trace1088769108", this, "Click to show all stack frames", "Click to hide stack frames")'>Click to show all stack frames</a>
<div class='stack-trace' id='stack-trace1088769108'><pre>org.testng.TestNGException: 
Parameter &apos;browser&apos; is required by BeforeClass on method beforeclass1Test but has not been marked @Optional or defined
in D:\workspace\SDET34L1\testngparallel.xml
	at org.testng.internal.Parameters.createParams(Parameters.java:270)
	at org.testng.internal.Parameters.createParametersForMethod(Parameters.java:358)
	at org.testng.internal.Parameters.createParameters(Parameters.java:700)
	at org.testng.internal.Parameters.createConfigurationParameters(Parameters.java:168)
	at org.testng.internal.ConfigInvoker.invokeConfigurations(ConfigInvoker.java:302)
	at org.testng.internal.TestMethodWorker.invokeBeforeClassMethods(TestMethodWorker.java:176)
	at org.testng.internal.TestMethodWorker.run(TestMethodWorker.java:122)
	at java.base/java.util.concurrent.ThreadPoolExecutor.runWorker(ThreadPoolExecutor.java:1130)
	at java.base/java.util.concurrent.ThreadPoolExecutor$Worker.run(ThreadPoolExecutor.java:630)
	at java.base/java.lang.Thread.run(Thread.java:831)
</pre></div></td>
<td>0</td>
<td>com.vtiger.compaigsTest.CreateNewCampaigsTest@2257fadf</td></tr>
<tr>
<td title='com.vitger.productsTest.CreateProductTest.createproductfromexceltest()'><b>createproductfromexceltest</b><br>Test class: com.vitger.productsTest.CreateProductTest</td>
<td><div><pre>org.testng.TestNGException: 
Parameter &apos;browser&apos; is required by BeforeClass on method beforeclass1Test but has not been marked @Optional or defined
in D:\workspace\SDET34L1\testngparallel.xml
	at java.base/java.util.concurrent.ThreadPoolExecutor.runWorker(ThreadPoolExecutor.java:1130)
	at java.base/java.util.concurrent.ThreadPoolExecutor$Worker.run(ThreadPoolExecutor.java:630)
	at java.base/java.lang.Thread.run(Thread.java:831)
... Removed 7 stack frames</pre></div><a href='#' onClick='toggleBox("stack-trace2005828764", this, "Click to show all stack frames", "Click to hide stack frames")'>Click to show all stack frames</a>
<div class='stack-trace' id='stack-trace2005828764'><pre>org.testng.TestNGException: 
Parameter &apos;browser&apos; is required by BeforeClass on method beforeclass1Test but has not been marked @Optional or defined
in D:\workspace\SDET34L1\testngparallel.xml
	at org.testng.internal.Parameters.createParams(Parameters.java:270)
	at org.testng.internal.Parameters.createParametersForMethod(Parameters.java:358)
	at org.testng.internal.Parameters.createParameters(Parameters.java:700)
	at org.testng.internal.Parameters.createConfigurationParameters(Parameters.java:168)
	at org.testng.internal.ConfigInvoker.invokeConfigurations(ConfigInvoker.java:302)
	at org.testng.internal.TestMethodWorker.invokeBeforeClassMethods(TestMethodWorker.java:176)
	at org.testng.internal.TestMethodWorker.run(TestMethodWorker.java:122)
	at java.base/java.util.concurrent.ThreadPoolExecutor.runWorker(ThreadPoolExecutor.java:1130)
	at java.base/java.util.concurrent.ThreadPoolExecutor$Worker.run(ThreadPoolExecutor.java:630)
	at java.base/java.lang.Thread.run(Thread.java:831)
</pre></div></td>
<td>0</td>
<td>com.vitger.productsTest.CreateProductTest@bc4d5e1</td></tr>
<tr>
<td title='com.vtiger.contantsTest.CreateContactsWithOrganizationsTest.createcontactswithorganizationstest()'><b>createcontactswithorganizationstest</b><br>Test class: com.vtiger.contantsTest.CreateContactsWithOrganizationsTest</td>
<td><div><pre>org.testng.TestNGException: 
Parameter &apos;browser&apos; is required by BeforeClass on method beforeclass1Test but has not been marked @Optional or defined
in D:\workspace\SDET34L1\testngparallel.xml
	at java.base/java.util.concurrent.ThreadPoolExecutor.runWorker(ThreadPoolExecutor.java:1130)
	at java.base/java.util.concurrent.ThreadPoolExecutor$Worker.run(ThreadPoolExecutor.java:630)
	at java.base/java.lang.Thread.run(Thread.java:831)
... Removed 7 stack frames</pre></div><a href='#' onClick='toggleBox("stack-trace458469696", this, "Click to show all stack frames", "Click to hide stack frames")'>Click to show all stack frames</a>
<div class='stack-trace' id='stack-trace458469696'><pre>org.testng.TestNGException: 
Parameter &apos;browser&apos; is required by BeforeClass on method beforeclass1Test but has not been marked @Optional or defined
in D:\workspace\SDET34L1\testngparallel.xml
	at org.testng.internal.Parameters.createParams(Parameters.java:270)
	at org.testng.internal.Parameters.createParametersForMethod(Parameters.java:358)
	at org.testng.internal.Parameters.createParameters(Parameters.java:700)
	at org.testng.internal.Parameters.createConfigurationParameters(Parameters.java:168)
	at org.testng.internal.ConfigInvoker.invokeConfigurations(ConfigInvoker.java:302)
	at org.testng.internal.TestMethodWorker.invokeBeforeClassMethods(TestMethodWorker.java:176)
	at org.testng.internal.TestMethodWorker.run(TestMethodWorker.java:122)
	at java.base/java.util.concurrent.ThreadPoolExecutor.runWorker(ThreadPoolExecutor.java:1130)
	at java.base/java.util.concurrent.ThreadPoolExecutor$Worker.run(ThreadPoolExecutor.java:630)
	at java.base/java.lang.Thread.run(Thread.java:831)
</pre></div></td>
<td>0</td>
<td>com.vtiger.contantsTest.CreateContactsWithOrganizationsTest@2b61a019</td></tr>
<tr>
<td title='com.vtiger.organiztiontTest.CreateOrganizationByPassValueAsIndustry.createorganizationbypassvalueasindustry()'><b>createorganizationbypassvalueasindustry</b><br>Test class: com.vtiger.organiztiontTest.CreateOrganizationByPassValueAsIndustry</td>
<td><div><pre>org.testng.TestNGException: 
Parameter &apos;browser&apos; is required by BeforeClass on method beforeclass1Test but has not been marked @Optional or defined
in D:\workspace\SDET34L1\testngparallel.xml
	at java.base/java.util.concurrent.ThreadPoolExecutor.runWorker(ThreadPoolExecutor.java:1130)
	at java.base/java.util.concurrent.ThreadPoolExecutor$Worker.run(ThreadPoolExecutor.java:630)
	at java.base/java.lang.Thread.run(Thread.java:831)
... Removed 7 stack frames</pre></div><a href='#' onClick='toggleBox("stack-trace446930455", this, "Click to show all stack frames", "Click to hide stack frames")'>Click to show all stack frames</a>
<div class='stack-trace' id='stack-trace446930455'><pre>org.testng.TestNGException: 
Parameter &apos;browser&apos; is required by BeforeClass on method beforeclass1Test but has not been marked @Optional or defined
in D:\workspace\SDET34L1\testngparallel.xml
	at org.testng.internal.Parameters.createParams(Parameters.java:270)
	at org.testng.internal.Parameters.createParametersForMethod(Parameters.java:358)
	at org.testng.internal.Parameters.createParameters(Parameters.java:700)
	at org.testng.internal.Parameters.createConfigurationParameters(Parameters.java:168)
	at org.testng.internal.ConfigInvoker.invokeConfigurations(ConfigInvoker.java:302)
	at org.testng.internal.TestMethodWorker.invokeBeforeClassMethods(TestMethodWorker.java:176)
	at org.testng.internal.TestMethodWorker.run(TestMethodWorker.java:122)
	at java.base/java.util.concurrent.ThreadPoolExecutor.runWorker(ThreadPoolExecutor.java:1130)
	at java.base/java.util.concurrent.ThreadPoolExecutor$Worker.run(ThreadPoolExecutor.java:630)
	at java.base/java.lang.Thread.run(Thread.java:831)
</pre></div></td>
<td>0</td>
<td>com.vtiger.organiztiontTest.CreateOrganizationByPassValueAsIndustry@3c6aa04a</td></tr>
<tr>
<td title='com.vtiger.compaigsTest.CreateCompaigsByCreateProductTest.createcompaigsbycreateproducttest()'><b>createcompaigsbycreateproducttest</b><br>Test class: com.vtiger.compaigsTest.CreateCompaigsByCreateProductTest</td>
<td><div><pre>org.testng.TestNGException: 
Parameter &apos;browser&apos; is required by BeforeClass on method beforeclass1Test but has not been marked @Optional or defined
in D:\workspace\SDET34L1\testngparallel.xml
	at java.base/java.util.concurrent.ThreadPoolExecutor.runWorker(ThreadPoolExecutor.java:1130)
	at java.base/java.util.concurrent.ThreadPoolExecutor$Worker.run(ThreadPoolExecutor.java:630)
	at java.base/java.lang.Thread.run(Thread.java:831)
... Removed 7 stack frames</pre></div><a href='#' onClick='toggleBox("stack-trace67404816", this, "Click to show all stack frames", "Click to hide stack frames")'>Click to show all stack frames</a>
<div class='stack-trace' id='stack-trace67404816'><pre>org.testng.TestNGException: 
Parameter &apos;browser&apos; is required by BeforeClass on method beforeclass1Test but has not been marked @Optional or defined
in D:\workspace\SDET34L1\testngparallel.xml
	at org.testng.internal.Parameters.createParams(Parameters.java:270)
	at org.testng.internal.Parameters.createParametersForMethod(Parameters.java:358)
	at org.testng.internal.Parameters.createParameters(Parameters.java:700)
	at org.testng.internal.Parameters.createConfigurationParameters(Parameters.java:168)
	at org.testng.internal.ConfigInvoker.invokeConfigurations(ConfigInvoker.java:302)
	at org.testng.internal.TestMethodWorker.invokeBeforeClassMethods(TestMethodWorker.java:176)
	at org.testng.internal.TestMethodWorker.run(TestMethodWorker.java:122)
	at java.base/java.util.concurrent.ThreadPoolExecutor.runWorker(ThreadPoolExecutor.java:1130)
	at java.base/java.util.concurrent.ThreadPoolExecutor$Worker.run(ThreadPoolExecutor.java:630)
	at java.base/java.lang.Thread.run(Thread.java:831)
</pre></div></td>
<td>0</td>
<td>com.vtiger.compaigsTest.CreateCompaigsByCreateProductTest@49cf9028</td></tr>
<tr>
<td title='com.vtiger.organiztiontTest.CreateOrganiztionTest.createorganiztiontest()'><b>createorganiztiontest</b><br>Test class: com.vtiger.organiztiontTest.CreateOrganiztionTest</td>
<td><div><pre>org.testng.TestNGException: 
Parameter &apos;browser&apos; is required by BeforeClass on method beforeclass1Test but has not been marked @Optional or defined
in D:\workspace\SDET34L1\testngparallel.xml
	at java.base/java.util.concurrent.ThreadPoolExecutor.runWorker(ThreadPoolExecutor.java:1130)
	at java.base/java.util.concurrent.ThreadPoolExecutor$Worker.run(ThreadPoolExecutor.java:630)
	at java.base/java.lang.Thread.run(Thread.java:831)
... Removed 7 stack frames</pre></div><a href='#' onClick='toggleBox("stack-trace365652385", this, "Click to show all stack frames", "Click to hide stack frames")'>Click to show all stack frames</a>
<div class='stack-trace' id='stack-trace365652385'><pre>org.testng.TestNGException: 
Parameter &apos;browser&apos; is required by BeforeClass on method beforeclass1Test but has not been marked @Optional or defined
in D:\workspace\SDET34L1\testngparallel.xml
	at org.testng.internal.Parameters.createParams(Parameters.java:270)
	at org.testng.internal.Parameters.createParametersForMethod(Parameters.java:358)
	at org.testng.internal.Parameters.createParameters(Parameters.java:700)
	at org.testng.internal.Parameters.createConfigurationParameters(Parameters.java:168)
	at org.testng.internal.ConfigInvoker.invokeConfigurations(ConfigInvoker.java:302)
	at org.testng.internal.TestMethodWorker.invokeBeforeClassMethods(TestMethodWorker.java:176)
	at org.testng.internal.TestMethodWorker.run(TestMethodWorker.java:122)
	at java.base/java.util.concurrent.ThreadPoolExecutor.runWorker(ThreadPoolExecutor.java:1130)
	at java.base/java.util.concurrent.ThreadPoolExecutor$Worker.run(ThreadPoolExecutor.java:630)
	at java.base/java.lang.Thread.run(Thread.java:831)
</pre></div></td>
<td>0</td>
<td>com.vtiger.organiztiontTest.CreateOrganiztionTest@7144655b</td></tr>
<tr>
<td title='com.vtiger.documentsTest.CreateDocumentTest.createdocumenttest()'><b>createdocumenttest</b><br>Test class: com.vtiger.documentsTest.CreateDocumentTest</td>
<td><div><pre>org.testng.TestNGException: 
Parameter &apos;browser&apos; is required by BeforeClass on method beforeclass1Test but has not been marked @Optional or defined
in D:\workspace\SDET34L1\testngparallel.xml
	at java.base/java.util.concurrent.ThreadPoolExecutor.runWorker(ThreadPoolExecutor.java:1130)
	at java.base/java.util.concurrent.ThreadPoolExecutor$Worker.run(ThreadPoolExecutor.java:630)
	at java.base/java.lang.Thread.run(Thread.java:831)
... Removed 7 stack frames</pre></div><a href='#' onClick='toggleBox("stack-trace1401231705", this, "Click to show all stack frames", "Click to hide stack frames")'>Click to show all stack frames</a>
<div class='stack-trace' id='stack-trace1401231705'><pre>org.testng.TestNGException: 
Parameter &apos;browser&apos; is required by BeforeClass on method beforeclass1Test but has not been marked @Optional or defined
in D:\workspace\SDET34L1\testngparallel.xml
	at org.testng.internal.Parameters.createParams(Parameters.java:270)
	at org.testng.internal.Parameters.createParametersForMethod(Parameters.java:358)
	at org.testng.internal.Parameters.createParameters(Parameters.java:700)
	at org.testng.internal.Parameters.createConfigurationParameters(Parameters.java:168)
	at org.testng.internal.ConfigInvoker.invokeConfigurations(ConfigInvoker.java:302)
	at org.testng.internal.TestMethodWorker.invokeBeforeClassMethods(TestMethodWorker.java:176)
	at org.testng.internal.TestMethodWorker.run(TestMethodWorker.java:122)
	at java.base/java.util.concurrent.ThreadPoolExecutor.runWorker(ThreadPoolExecutor.java:1130)
	at java.base/java.util.concurrent.ThreadPoolExecutor$Worker.run(ThreadPoolExecutor.java:630)
	at java.base/java.lang.Thread.run(Thread.java:831)
</pre></div></td>
<td>0</td>
<td>com.vtiger.documentsTest.CreateDocumentTest@11a00961</td></tr>
</table><p>
</body>
</html>