<?xml version="1.0" encoding="UTF-8"?>
<!-- Generated by org.testng.reporters.JUnitReportReporter -->
<testsuite hostname="LAPTOP-DS4ESSB9" failures="0" tests="2" name="com.vtiger.compaigsTest.CreateCompaigsByCreateProductTest" time="-1653368320.000" errors="1" timestamp="2022-05-24T10:27:24 IST" skipped="1">
  <testcase classname="com.vtiger.compaigsTest.CreateCompaigsByCreateProductTest" name="createcompaigsbycreateproducttest" time="0.000">
    <skipped/>
  </testcase> <!-- createcompaigsbycreateproducttest -->
  <system-out/>
  <testcase classname="com.vtiger.compaigsTest.CreateCompaigsByCreateProductTest" name="beforeclass1Test" time="-1653368320.000">
    <error message="
Parameter &#039;browser&#039; is required by BeforeClass on method beforeclass1Test but has not been marked @Optional or defined
in D:\workspace\SDET34L1\testngparallel.xml" type="org.testng.TestNGException">
      <![CDATA[org.testng.TestNGException: 
Parameter 'browser' is required by BeforeClass on method beforeclass1Test but has not been marked @Optional or defined
in D:\workspace\SDET34L1\testngparallel.xml
at org.testng.internal.Parameters.createParams(Parameters.java:270)
at org.testng.internal.Parameters.createParametersForMethod(Parameters.java:358)
at org.testng.internal.Parameters.createParameters(Parameters.java:700)
at org.testng.internal.Parameters.createConfigurationParameters(Parameters.java:168)
at org.testng.internal.ConfigInvoker.invokeConfigurations(ConfigInvoker.java:302)
at org.testng.internal.TestMethodWorker.invokeBeforeClassMethods(TestMethodWorker.java:176)
at org.testng.internal.TestMethodWorker.run(TestMethodWorker.java:122)
at java.base/java.util.concurrent.ThreadPoolExecutor.runWorker(ThreadPoolExecutor.java:1130)
at java.base/java.util.concurrent.ThreadPoolExecutor$Worker.run(ThreadPoolExecutor.java:630)
at java.base/java.lang.Thread.run(Thread.java:831)
]]>
    </error>
  </testcase> <!-- beforeclass1Test -->
  <system-out/>
</testsuite> <!-- com.vtiger.compaigsTest.CreateCompaigsByCreateProductTest -->
